[0.013s] Invoking command in '/home/joseph/Turtle_Pursuit/build/turtlesim_custom_msg': CMAKE_PREFIX_PATH=${CMAKE_PREFIX_PATH}:/home/joseph/Turtle_Pursuit/install/turtle_handlers:/home/joseph/learn_ros/install/test_pkg:/home/joseph/learn_ros/install/pubsub:/home/joseph/learn_ros/install/activity:/home/joseph/learn_ros/install/clientserver:/home/joseph/turtlesim_catch_turtles/install/handle_turtle:/home/joseph/turtlesim_catch_turtles/install/catch_turtles:/home/joseph/e-Yantra/install/ur5_control:/home/joseph/e-Yantra/install/task3b:/home/joseph/e-Yantra/install/task2a:/home/joseph/e-Yantra/install/misc:/home/joseph/e-Yantra/install/aruco:/opt/ros/humble /usr/bin/cmake --build /home/joseph/Turtle_Pursuit/build/turtlesim_custom_msg -- -j12 -l12
[0.042s] -- Found ament_cmake: 1.3.10 (/opt/ros/humble/share/ament_cmake/cmake)
[0.161s] -- Found rosidl_default_generators: 1.2.0 (/opt/ros/humble/share/rosidl_default_generators/cmake)
[0.165s] -- Using all available rosidl_typesupport_c: rosidl_typesupport_fastrtps_c;rosidl_typesupport_introspection_c
[0.167s] -- Found rosidl_adapter: 3.1.5 (/opt/ros/humble/share/rosidl_adapter/cmake)
[0.193s] -- Using all available rosidl_typesupport_cpp: rosidl_typesupport_fastrtps_cpp;rosidl_typesupport_introspection_cpp
[0.211s] -- Found builtin_interfaces: 1.2.1 (/opt/ros/humble/share/builtin_interfaces/cmake)
[0.424s] [31mCMake Error at /opt/ros/humble/share/rosidl_adapter/cmake/rosidl_adapt_interfaces.cmake:59 (message):
[0.425s]   execute_process(/usr/bin/python3 -m rosidl_adapter --package-name
[0.425s]   turtlesim_custom_msg --arguments-file
[0.425s]   /home/joseph/Turtle_Pursuit/build/turtlesim_custom_msg/rosidl_adapter__arguments__turtlesim_custom_msg.json
[0.425s]   --output-dir
[0.425s]   /home/joseph/Turtle_Pursuit/build/turtlesim_custom_msg/rosidl_adapter/turtlesim_custom_msg
[0.425s]   --output-file
[0.425s]   /home/joseph/Turtle_Pursuit/build/turtlesim_custom_msg/rosidl_adapter/turtlesim_custom_msg.idls)
[0.425s]   returned error code 1:
[0.426s] 
[0.426s]   Traceback (most recent call last):
[0.426s] 
[0.426s]     File "/usr/lib/python3.10/runpy.py", line 196, in _run_module_as_main
[0.426s]       return _run_code(code, main_globals, None,
[0.426s]     File "/usr/lib/python3.10/runpy.py", line 86, in _run_code
[0.426s]       exec(code, run_globals)
[0.426s]     File "/opt/ros/humble/local/lib/python3.10/dist-packages/rosidl_adapter/__main__.py", line 19, in <module>
[0.426s]       sys.exit(main())
[0.426s]     File "/opt/ros/humble/local/lib/python3.10/dist-packages/rosidl_adapter/main.py", line 53, in main
[0.426s]       abs_idl_file = convert_to_idl(
[0.426s]     File "/opt/ros/humble/local/lib/python3.10/dist-packages/rosidl_adapter/__init__.py", line 24, in convert_to_idl
[0.426s]       return convert_srv_to_idl(
[0.426s]     File "/opt/ros/humble/local/lib/python3.10/dist-packages/rosidl_adapter/srv/__init__.py", line 28, in convert_srv_to_idl
[0.426s]       srv = parse_service_string(package_name, input_file.stem, content)
[0.426s]     File "/opt/ros/humble/local/lib/python3.10/dist-packages/rosidl_adapter/parser.py", line 850, in parse_service_string
[0.426s]       raise InvalidServiceSpecification(
[0.426s] 
[0.426s]   rosidl_adapter.parser.InvalidServiceSpecification: Could not find separator
[0.426s]   '---' between request and response
[0.427s] 
[0.427s] Call Stack (most recent call first):
[0.427s]   /opt/ros/humble/share/rosidl_cmake/cmake/rosidl_generate_interfaces.cmake:130 (rosidl_adapt_interfaces)
[0.427s]   CMakeLists.txt:14 (rosidl_generate_interfaces)
[0.427s] 
[0.427s] [0m
[0.427s] -- Configuring incomplete, errors occurred!
[0.427s] See also "/home/joseph/Turtle_Pursuit/build/turtlesim_custom_msg/CMakeFiles/CMakeOutput.log".
[0.440s] gmake: *** [Makefile:1395: cmake_check_build_system] Error 1
[0.444s] Invoked command in '/home/joseph/Turtle_Pursuit/build/turtlesim_custom_msg' returned '2': CMAKE_PREFIX_PATH=${CMAKE_PREFIX_PATH}:/home/joseph/Turtle_Pursuit/install/turtle_handlers:/home/joseph/learn_ros/install/test_pkg:/home/joseph/learn_ros/install/pubsub:/home/joseph/learn_ros/install/activity:/home/joseph/learn_ros/install/clientserver:/home/joseph/turtlesim_catch_turtles/install/handle_turtle:/home/joseph/turtlesim_catch_turtles/install/catch_turtles:/home/joseph/e-Yantra/install/ur5_control:/home/joseph/e-Yantra/install/task3b:/home/joseph/e-Yantra/install/task2a:/home/joseph/e-Yantra/install/misc:/home/joseph/e-Yantra/install/aruco:/opt/ros/humble /usr/bin/cmake --build /home/joseph/Turtle_Pursuit/build/turtlesim_custom_msg -- -j12 -l12
